<?xml version="1.0" encoding="UTF-8"?>
<!-- Generated by org.testng.reporters.JUnitReportReporter -->
<testsuite hostname="Anmolsingh" name="biocept.qa.testcases.MolecularWorkflow" tests="22" failures="0" timestamp="24 Jul 2019 10:29:57 GMT" time="324.518" errors="0">
  <testcase name="UploadSequenceImages" time="16.476" classname="biocept.qa.testcases.MolecularWorkflow"/>
  <testcase name="NRASResultingActivityTitle" time="53.593" classname="biocept.qa.testcases.MolecularWorkflow"/>
  <testcase name="BRAFSequencingActivityTitle" time="20.739" classname="biocept.qa.testcases.MolecularWorkflow"/>
  <testcase name="BRAFReportSignoff" time="22.395" classname="biocept.qa.testcases.MolecularWorkflow"/>
  <testcase name="KRASSequencingActivityResult" time="7.076" classname="biocept.qa.testcases.MolecularWorkflow"/>
  <testcase name="KRASPIActivityResult" time="7.961" classname="biocept.qa.testcases.MolecularWorkflow"/>
  <testcase name="BRAFResultingActivityTitle" time="11.092" classname="biocept.qa.testcases.MolecularWorkflow"/>
  <testcase name="KRASSequencingActivityTitle" time="11.219" classname="biocept.qa.testcases.MolecularWorkflow"/>
  <testcase name="KRASResultingActivityTitle" time="11.656" classname="biocept.qa.testcases.MolecularWorkflow"/>
  <testcase name="KRASResultingUpdateResult" time="8.237" classname="biocept.qa.testcases.MolecularWorkflow"/>
  <testcase name="KRASPIActivityTitle" time="4.932" classname="biocept.qa.testcases.MolecularWorkflow"/>
  <testcase name="KRASReportSignoff" time="21.637" classname="biocept.qa.testcases.MolecularWorkflow"/>
  <testcase name="NRASPIActivityTitle" time="9.836" classname="biocept.qa.testcases.MolecularWorkflow"/>
  <testcase name="BRAFResultingUpdateResult" time="3.844" classname="biocept.qa.testcases.MolecularWorkflow"/>
  <testcase name="NRASReportSignoff" time="20.833" classname="biocept.qa.testcases.MolecularWorkflow"/>
  <testcase name="BRAFSequencingActivityResult" time="7.596" classname="biocept.qa.testcases.MolecularWorkflow"/>
  <testcase name="UploadMacroFile" time="4.608" classname="biocept.qa.testcases.MolecularWorkflow"/>
  <testcase name="PlaceNewOrderForMolecular" time="54.458" classname="biocept.qa.testcases.MolecularWorkflow"/>
  <testcase name="NRASResultingUpdateResult" time="4.200" classname="biocept.qa.testcases.MolecularWorkflow"/>
  <testcase name="BRAFPIActivityResult" time="6.752" classname="biocept.qa.testcases.MolecularWorkflow"/>
  <testcase name="NRASPIActivityResult" time="8.456" classname="biocept.qa.testcases.MolecularWorkflow"/>
  <testcase name="BRAFPIActivityTitle" time="6.922" classname="biocept.qa.testcases.MolecularWorkflow"/>
</testsuite> <!-- biocept.qa.testcases.MolecularWorkflow -->
