<?xml version="1.0" encoding="UTF-8"?>
<!-- Generated by org.testng.reporters.JUnitReportReporter -->
<testsuite hostname="Amarendra" name="biocept.qa.testcases.CTCWorkflow" tests="46" failures="0" timestamp="27 Jun 2019 10:19:49 GMT" time="461.231" errors="0">
  <testcase name="PlaceNewOrder" time="63.229" classname="biocept.qa.testcases.CTCWorkflow"/>
  <testcase name="DownloadPlasmaCSV" time="0.112" classname="biocept.qa.testcases.CTCWorkflow"/>
  <testcase name="TechOnlyProfessionalInterpretation" time="5.807" classname="biocept.qa.testcases.CTCWorkflow"/>
  <testcase name="FishReportSignoff_Batch" time="8.509" classname="biocept.qa.testcases.CTCWorkflow"/>
  <testcase name="GenerateMolecularLabel" time="0.058" classname="biocept.qa.testcases.CTCWorkflow"/>
  <testcase name="SignoffTheReportForNewVersion" time="12.811" classname="biocept.qa.testcases.CTCWorkflow"/>
  <testcase name="FISHReloAnalysis" time="8.691" classname="biocept.qa.testcases.CTCWorkflow"/>
  <testcase name="FishReviewApproveTitle" time="5.427" classname="biocept.qa.testcases.CTCWorkflow"/>
  <testcase name="BioviewScanData" time="6.792" classname="biocept.qa.testcases.CTCWorkflow"/>
  <testcase name="ConfirmationPopupOnCompletedWorklist" time="3.548" classname="biocept.qa.testcases.CTCWorkflow"/>
  <testcase name="CTC_FISH_ScoreSheet" time="0.052" classname="biocept.qa.testcases.CTCWorkflow"/>
  <testcase name="MEMSProcessing" time="5.741" classname="biocept.qa.testcases.CTCWorkflow"/>
  <testcase name="ReportVersionSelectionPopUp" time="8.205" classname="biocept.qa.testcases.CTCWorkflow"/>
  <testcase name="UploadAccessionImagesPageTitle" time="8.854" classname="biocept.qa.testcases.CTCWorkflow"/>
  <testcase name="PatientNameOnBarcodePage" time="18.690" classname="biocept.qa.testcases.CTCWorkflow"/>
  <testcase name="FISHResultsSummaryActivityTitle" time="9.765" classname="biocept.qa.testcases.CTCWorkflow"/>
  <testcase name="CTCICCResultsSummary" time="50.074" classname="biocept.qa.testcases.CTCWorkflow"/>
  <testcase name="PIActivityTitle" time="9.061" classname="biocept.qa.testcases.CTCWorkflow"/>
  <testcase name="CTC_FISH_SummaryReport" time="0.042" classname="biocept.qa.testcases.CTCWorkflow"/>
  <testcase name="FISHResultsSummary" time="28.497" classname="biocept.qa.testcases.CTCWorkflow"/>
  <testcase name="EnumerationImageReview" time="19.124" classname="biocept.qa.testcases.CTCWorkflow"/>
  <testcase name="FishBatchReviewApproveWorklistTitle" time="5.246" classname="biocept.qa.testcases.CTCWorkflow"/>
  <testcase name="CellSepBatchingActivityTitle" time="7.680" classname="biocept.qa.testcases.CTCWorkflow"/>
  <testcase name="QAReportingWorklistTitle" time="5.141" classname="biocept.qa.testcases.CTCWorkflow"/>
  <testcase name="CellCepProcessingActivityTitle" time="5.599" classname="biocept.qa.testcases.CTCWorkflow"/>
  <testcase name="CellSepBatching" time="6.923" classname="biocept.qa.testcases.CTCWorkflow"/>
  <testcase name="CTCICCResultsSummaryActivityTitle" time="7.306" classname="biocept.qa.testcases.CTCWorkflow"/>
  <testcase name="MemsBatching" time="5.263" classname="biocept.qa.testcases.CTCWorkflow"/>
  <testcase name="MyWorklistTitle" time="7.880" classname="biocept.qa.testcases.CTCWorkflow"/>
  <testcase name="CellCepProcessing" time="8.954" classname="biocept.qa.testcases.CTCWorkflow"/>
  <testcase name="FISHAutobatchedworklistActivityTitle" time="7.649" classname="biocept.qa.testcases.CTCWorkflow"/>
  <testcase name="CTC_FISH_SampleTraveler" time="0.052" classname="biocept.qa.testcases.CTCWorkflow"/>
  <testcase name="GenerateLongLabel" time="0.070" classname="biocept.qa.testcases.CTCWorkflow"/>
  <testcase name="MemsBatchingActivityTitle" time="9.501" classname="biocept.qa.testcases.CTCWorkflow"/>
  <testcase name="GenerateSmallLabel" time="0.060" classname="biocept.qa.testcases.CTCWorkflow"/>
  <testcase name="MEMSProcessingActivityTitle" time="7.053" classname="biocept.qa.testcases.CTCWorkflow"/>
  <testcase name="ActivityTitleAfterReOpen" time="29.288" classname="biocept.qa.testcases.CTCWorkflow"/>
  <testcase name="CompletedWorklist" time="4.806" classname="biocept.qa.testcases.CTCWorkflow"/>
  <testcase name="dashboard" time="0.206" classname="biocept.qa.testcases.CTCWorkflow"/>
  <testcase name="FISHAutobatchedworklist" time="6.564" classname="biocept.qa.testcases.CTCWorkflow"/>
  <testcase name="AccesstionType" time="0.828" classname="biocept.qa.testcases.CTCWorkflow"/>
  <testcase name="EnumerationImageReviewActivityTitle" time="7.395" classname="biocept.qa.testcases.CTCWorkflow"/>
  <testcase name="LIMSLogin" time="22.900" classname="biocept.qa.testcases.CTCWorkflow"/>
  <testcase name="FISHReloAnalysisActivityTitle" time="7.343" classname="biocept.qa.testcases.CTCWorkflow"/>
  <testcase name="BioviewScanDataActivityTitle" time="7.775" classname="biocept.qa.testcases.CTCWorkflow"/>
  <testcase name="QAReportingWorklist" time="16.660" classname="biocept.qa.testcases.CTCWorkflow"/>
</testsuite> <!-- biocept.qa.testcases.CTCWorkflow -->
