<?xml version="1.0" encoding="UTF-8"?>
<!-- Generated by org.testng.reporters.JUnitReportReporter -->
<testsuite hostname="Amarendra" name="biocept.qa.testcases.NewTest1" tests="1" failures="0" timestamp="26 Jun 2019 07:15:39 GMT" time="25.776" errors="0">
  <testcase name="Actual" time="25.776" classname="biocept.qa.testcases.NewTest1"/>
</testsuite> <!-- biocept.qa.testcases.NewTest1 -->
