<?xml version="1.0" encoding="UTF-8"?>
<!-- Generated by org.testng.reporters.JUnitReportReporter -->
<testsuite hostname="Amarendra" name="biocept.qa.testcases.NewTest" tests="1" failures="0" timestamp="26 Jun 2019 07:15:39 GMT" time="32.211" errors="0">
  <testcase name="Test1" time="32.211" classname="biocept.qa.testcases.NewTest"/>
</testsuite> <!-- biocept.qa.testcases.NewTest -->
