<?xml version="1.0" encoding="UTF-8"?>
<!-- Generated by org.testng.reporters.JUnitReportReporter -->
<testsuite hostname="Amarendra" name="biocept.qa.testcases.A" tests="1" failures="0" timestamp="14 Jun 2019 18:21:17 GMT" time="0.008" errors="0">
  <testcase name="Test1" time="0.008" classname="biocept.qa.testcases.A"/>
</testsuite> <!-- biocept.qa.testcases.A -->
