<?xml version="1.0" encoding="UTF-8"?>
<!-- Generated by org.testng.reporters.JUnitReportReporter -->
<testsuite hostname="Amarendra" name="biocept.qa.testcases.LoginPageTest" tests="1" failures="0" timestamp="5 May 2019 17:01:58 GMT" time="19.090" errors="0">
  <testcase name="loginPageTitleTest" time="19.090" classname="biocept.qa.testcases.LoginPageTest"/>
</testsuite> <!-- biocept.qa.testcases.LoginPageTest -->
